<?xml version="1.0" encoding="UTF-8"?>
<testsuite name="ohtu.lyyrakortti.KassapaateTest" tests="4" skipped="0" failures="0" errors="0" timestamp="2017-04-13T16:02:26" hostname="tuomo-IdeaPad-U330p" time="0.396">
  <properties/>
  <testcase name="kortiltaVelotetaanHintaJosRahaaOn" classname="ohtu.lyyrakortti.KassapaateTest" time="0.391"/>
  <testcase name="kortilleEiLadataNegatiivistaRahamaaraa" classname="ohtu.lyyrakortti.KassapaateTest" time="0.002"/>
  <testcase name="kortiltaEiVelotetaJosRahaEiRiita" classname="ohtu.lyyrakortti.KassapaateTest" time="0.001"/>
  <testcase name="kortilleLadataanPositiivinenRahamaara" classname="ohtu.lyyrakortti.KassapaateTest" time="0.001"/>
  <system-out><![CDATA[]]></system-out>
  <system-err><![CDATA[]]></system-err>
</testsuite>
