<?xml version="1.0" encoding="UTF-8"?>
<testsuite name="ohtu.KauppaTest" tests="6" skipped="0" failures="0" errors="0" timestamp="2017-04-13T15:47:45" hostname="tuomo-IdeaPad-U330p" time="0.48">
  <properties/>
  <testcase name="kutsutaanPankkiaOikeallaTilinumerollaJaSummalla" classname="ohtu.KauppaTest" time="0.468"/>
  <testcase name="pyydetaanUusiViiteJokaiseenMaksuun" classname="ohtu.KauppaTest" time="0.002"/>
  <testcase name="kutsutaanPankkiaOikeallaTilinumerolla" classname="ohtu.KauppaTest" time="0.001"/>
  <testcase name="kaytetaanMaksussaPalautettuaViiteta" classname="ohtu.KauppaTest" time="0.003"/>
  <testcase name="kaytetaanPerakkaistenViitekutsujenArvoja" classname="ohtu.KauppaTest" time="0.004"/>
  <testcase name="kutsutaanPankkia" classname="ohtu.KauppaTest" time="0.0"/>
  <system-out><![CDATA[]]></system-out>
  <system-err><![CDATA[]]></system-err>
</testsuite>
