<?xml version="1.0" encoding="UTF-8"?>
<testsuite name="ohtu.verkkokauppa.KauppaTest" tests="7" skipped="0" failures="0" errors="0" timestamp="2017-04-14T11:22:06" hostname="tuomo-IdeaPad-U330p" time="1.08">
  <properties/>
  <testcase name="kahdenEriOstoksenJalkeenPankinMetodiaTilisiirtoKutustaan" classname="ohtu.verkkokauppa.KauppaTest" time="1.061"/>
  <testcase name="kahdenSamanOstoksenJalkeenPankinMetodiaTilisiirtoKutustaan" classname="ohtu.verkkokauppa.KauppaTest" time="0.002"/>
  <testcase name="kauppaPyytaaUudenViitteenJokaMaksulle" classname="ohtu.verkkokauppa.KauppaTest" time="0.004"/>
  <testcase name="yhdenRiittavanJaYhdenLoppuneenOstoksenOstoToimii" classname="ohtu.verkkokauppa.KauppaTest" time="0.002"/>
  <testcase name="ostoksenPaaytyttyaPankinMetodiaTilisiirtoKutsutaan" classname="ohtu.verkkokauppa.KauppaTest" time="0.002"/>
  <testcase name="kaupanMetodiPoistaKoristaPalauttaaTuotteenVarastoon" classname="ohtu.verkkokauppa.KauppaTest" time="0.002"/>
  <testcase name="aloitaAsiointiNollaaEdellisetTiedot" classname="ohtu.verkkokauppa.KauppaTest" time="0.003"/>
  <system-out><![CDATA[]]></system-out>
  <system-err><![CDATA[]]></system-err>
</testsuite>
